*** Start analyzing build configuration ***
INFO: Auto-config - Scanning: /home/nalnatsheh/mywork/apb
INFO: Auto-config - VLOG: /home/nalnatsheh/mywork/apb
INFO: Auto-config - Wrote:
    .dvt/default.build.auto.1
*** List of included argument files ***
    Build configuration file:  /home/nalnatsheh/mywork/apb/.dvt/default.build
    -f /home/nalnatsheh/mywork/apb/.dvt/default.build.auto.1
*** List of invocations ***
Invocation #1 +dvt_init+dvt in /home/nalnatsheh/mywork/apb/.dvt/default.build.auto.1 at line 9
*** Done analyzing build configuration [84 ms] ***

*** Start SystemVerilog build ***
*** Invocation #1***
Loading (1) /home/nalnatsheh/mywork/apb/tb/driver.sv ...
Done /home/nalnatsheh/mywork/apb/tb/driver.sv [23 ms, 75 lines, SystemVerilog_2012] ...
Loading (2) /home/nalnatsheh/mywork/apb/tb/enviroment.sv ...
Done /home/nalnatsheh/mywork/apb/tb/enviroment.sv [2 ms, 40 lines, SystemVerilog_2012] ...
Loading (3) /home/nalnatsheh/mywork/apb/tb/generator.sv ...
Done /home/nalnatsheh/mywork/apb/tb/generator.sv [6 ms, 28 lines, SystemVerilog_2012] ...
Loading (4) /home/nalnatsheh/mywork/apb/tb/monitor.sv ...
Done /home/nalnatsheh/mywork/apb/tb/monitor.sv [3 ms, 33 lines, SystemVerilog_2012] ...
Loading (5) /home/nalnatsheh/mywork/apb/tb/scoreboard.sv ...
Done /home/nalnatsheh/mywork/apb/tb/scoreboard.sv [3 ms, 38 lines, SystemVerilog_2012] ...
Loading (6) /home/nalnatsheh/mywork/apb/tb/test.sv ...
Done /home/nalnatsheh/mywork/apb/tb/test.sv [8 ms, 11 lines, SystemVerilog_2012] ...
Loading (7) /home/nalnatsheh/mywork/apb/tb/top.sv ...
Done /home/nalnatsheh/mywork/apb/tb/top.sv [0 ms, 2 lines, SystemVerilog_2012] ...
Loading (8) /home/nalnatsheh/mywork/apb/tb/transaction.sv ...
Done /home/nalnatsheh/mywork/apb/tb/transaction.sv [2 ms, 21 lines, SystemVerilog_2012] ...
Loading (9) /home/nalnatsheh/mywork/apb/src/apb_pkg.sv ...
Done /home/nalnatsheh/mywork/apb/src/apb_pkg.sv [2 ms, 13 lines, SystemVerilog_2012] ...
Loading (10) /home/nalnatsheh/mywork/apb/src/apb_if.sv ...
Done /home/nalnatsheh/mywork/apb/src/apb_if.sv [3 ms, 23 lines, SystemVerilog_2012] ...
Loading (11) /home/nalnatsheh/mywork/apb/src/apb.sv ...
Done /home/nalnatsheh/mywork/apb/src/apb.sv [4 ms, 63 lines, SystemVerilog_2012] ...
*** Done invocation #1 [59 ms] ***
*** Done parsing [LT 24 ms, PT 59 ms] ***
*** Total number of lines [347] ***
Performing post full build actions ...
Performing post full build step 1 (SRI) [1 ms] ...
Performing post full build step 2 (RI) [0 ms] ...
Performing post full build step 3 (RCP) [0 ms] ...
*** Files summary [11 total, 11 unique, 0 optimized] ***
*** Done SystemVerilog build [175 ms] ***

*** Start mixed mode extension build ***
Performing mixed post full build step (VLOG - RI) [0 ms] ...
*** Warning: UNSPECIFIED_TOP: Please specify a -top module/entity/configuration in the project build file
Performing mixed post full build step (MIXED - ELAB) [7 ms] ...
Performing mixed post full build step (MIXED - UNEL) [102 ms] ...
*** Warning: UNELABORATED_PROGRAM: Program 'work.test' is not elaborated
    at line 1 in /home/nalnatsheh/mywork/apb/tb/test.sv:1 [compile index 6]
*** Warning: UNELABORATED_INTERFACE: Interface 'work.apb_if' is not elaborated
    at line 1 in /home/nalnatsheh/mywork/apb/src/apb_if.sv:1 [compile index 10]
*** Warning: UNELABORATED_MODULE: Module 'work.apb' is not elaborated
    at line 1 in /home/nalnatsheh/mywork/apb/src/apb.sv:1 [compile index 11]
*** Warning: UNUSED_RETURN_VALUE: The return value of function 'randomize' is not used
    at line 15 in /home/nalnatsheh/mywork/apb/tb/generator.sv:15 [compile index 3]
*** Warning: UNELABORATED_PACKAGE: Package 'work.apb_pkg' is not elaborated
    at line 1 in /home/nalnatsheh/mywork/apb/src/apb_pkg.sv:1 [compile index 9]
Performing mixed post full build step (VLOG - RD) [0 ms] ...
Performing mixed post full build step (VLOG - US) [51 ms] ...
*** Done mixed mode extension build [169 ms] ***
*** Total build time [471 ms] ***
