\BOOKMARK [1][-]{section.1}{\376\377\000I\000n\000t\000r\000o\000d\000u\000c\000t\000i\000o\000n}{}% 1
\BOOKMARK [1][-]{section.2}{\376\377\000D\000e\000s\000i\000g\000n\000\040\000S\000p\000e\000c\000s\000\040\000o\000f\000\040\000t\000h\000e\000\040\000D\000u\000a\000l\000-\000p\000o\000r\000t\000\040\000M\000e\000m\000o\000r\000y\000\040\000w\000i\000t\000h\000\040\000a\000n\000\040\000A\000M\000B\000A\000\040\000A\000P\000B\000\040\000i\000n\000t\000e\000r\000f\000a\000c\000e\000s}{}% 2
\BOOKMARK [2][-]{subsection.2.1}{\376\377\000D\000u\000a\000l\000-\000p\000o\000r\000t\000\040\000M\000e\000m\000o\000r\000y\000\040\000S\000p\000e\000c\000s}{section.2}% 3
\BOOKMARK [3][-]{subsubsection.2.1.1}{\376\377\000R\000e\000a\000d\000\040\000O\000p\000e\000r\000a\000t\000i\000o\000n}{subsection.2.1}% 4
\BOOKMARK [3][-]{subsubsection.2.1.2}{\376\377\000W\000r\000i\000t\000e\000\040\000O\000p\000e\000r\000a\000t\000i\000o\000n}{subsection.2.1}% 5
\BOOKMARK [1][-]{section.3}{\376\377\000V\000e\000r\000i\000f\000i\000c\000a\000t\000i\000o\000n\000\040\000S\000p\000e\000c\000s\000\040\000o\000f\000\040\000t\000h\000e\000\040\000D\000u\000a\000l\000-\000p\000o\000r\000t\000\040\000M\000e\000m\000o\000r\000y\000\040\000w\000i\000t\000h\000\040\000a\000n\000\040\000A\000M\000B\000A\000\040\000A\000P\000B\000\040\000i\000n\000t\000e\000r\000f\000a\000c\000e}{}% 6
\BOOKMARK [2][-]{subsection.3.1}{\376\377\000T\000e\000s\000t\000-\000p\000l\000a\000n}{section.3}% 7
\BOOKMARK [2][-]{subsection.3.2}{\376\377\000O\000O\000P\000\040\000S\000V\000\040\000E\000n\000v\000i\000r\000o\000n\000m\000e\000n\000t}{section.3}% 8
\BOOKMARK [3][-]{subsubsection.3.2.1}{\376\377\000T\000r\000a\000n\000s\000a\000c\000t\000i\000o\000n\000\040\000\050\000T\000r\000a\000n\000s\000a\000c\000t\000i\000o\000n\000.\000s\000v\000\051}{subsection.3.2}% 9
\BOOKMARK [3][-]{subsubsection.3.2.2}{\376\377\000G\000e\000n\000e\000r\000a\000t\000o\000r}{subsection.3.2}% 10
\BOOKMARK [3][-]{subsubsection.3.2.3}{\376\377\000D\000r\000i\000v\000e\000r}{subsection.3.2}% 11
\BOOKMARK [3][-]{subsubsection.3.2.4}{\376\377\000M\000o\000n\000i\000t\000o\000r}{subsection.3.2}% 12
\BOOKMARK [3][-]{subsubsection.3.2.5}{\376\377\000S\000c\000o\000r\000e\000b\000o\000a\000r\000d}{subsection.3.2}% 13
\BOOKMARK [3][-]{subsubsection.3.2.6}{\376\377\000E\000n\000v\000i\000r\000o\000m\000n\000e\000n\000t}{subsection.3.2}% 14
\BOOKMARK [2][-]{subsection.3.3}{\376\377\000U\000V\000M\000\040\000E\000n\000v\000i\000r\000o\000n\000m\000e\000n\000t}{section.3}% 15
\BOOKMARK [3][-]{subsubsection.3.3.1}{\376\377\000a\000p\000b\000\137\000d\000p\000m\000e\000m\000\137\000t\000r\000a\000n\000s\000a\000c\000t\000i\000o\000n}{subsection.3.3}% 16
\BOOKMARK [3][-]{subsubsection.3.3.2}{\376\377\000a\000p\000b\000\137\000d\000p\000m\000e\000m\000\137\000s\000e\000q\000u\000e\000n\000c\000e}{subsection.3.3}% 17
\BOOKMARK [3][-]{subsubsection.3.3.3}{\376\377\000a\000p\000b\000\137\000d\000p\000m\000e\000m\000\137\000s\000e\000q\000u\000e\000n\000c\000e\000r}{subsection.3.3}% 18
\BOOKMARK [3][-]{subsubsection.3.3.4}{\376\377\000a\000p\000b\000\137\000d\000p\000m\000e\000m\000\137\000d\000r\000i\000v\000e\000r}{subsection.3.3}% 19
\BOOKMARK [3][-]{subsubsection.3.3.5}{\376\377\000a\000p\000b\000\137\000d\000p\000m\000e\000m\000\137\000m\000o\000n\000i\000t\000o\000r}{subsection.3.3}% 20
\BOOKMARK [3][-]{subsubsection.3.3.6}{\376\377\000a\000p\000b\000\137\000d\000p\000m\000e\000m\000\137\000a\000g\000e\000n\000t}{subsection.3.3}% 21
\BOOKMARK [3][-]{subsubsection.3.3.7}{\376\377\000a\000p\000b\000\137\000d\000p\000m\000e\000m\000\137\000c\000o\000v\000e\000r\000a\000g\000e}{subsection.3.3}% 22
\BOOKMARK [3][-]{subsubsection.3.3.8}{\376\377\000a\000p\000b\000\137\000d\000p\000m\000e\000m\000\137\000r\000e\000f\000\137\000m\000o\000d\000e\000l}{subsection.3.3}% 23
\BOOKMARK [3][-]{subsubsection.3.3.9}{\376\377\000a\000p\000b\000\137\000d\000p\000m\000e\000m\000\137\000s\000c\000o\000r\000e\000b\000o\000a\000r\000d}{subsection.3.3}% 24
\BOOKMARK [3][-]{subsubsection.3.3.10}{\376\377\000a\000p\000b\000\137\000d\000p\000m\000e\000m\000\137\000e\000n\000v\000i\000r\000o\000n\000m\000e\000n\000t}{subsection.3.3}% 25
\BOOKMARK [3][-]{subsubsection.3.3.11}{\376\377\000a\000p\000b\000\137\000d\000p\000m\000e\000m\000\137\000t\000e\000s\000t}{subsection.3.3}% 26
\BOOKMARK [3][-]{subsubsection.3.3.12}{\376\377\000t\000o\000p}{subsection.3.3}% 27
\BOOKMARK [1][-]{section.4}{\376\377\000R\000e\000f\000e\000r\000e\000n\000c\000e\000s}{}% 28
